Build started 4/5/2016 12:52:13 PM.
     1>Project "C:\Users\bakhtiyar\documents\visual studio 2010\Projects\snake xenzia\snake xenzia\snake xenzia.vcxproj" on node 2 (build target(s)).
     1>InitializeBuildStatus:
         Creating "Debug\snake xenzia.unsuccessfulbuild" because "AlwaysCreate" was specified.
       ClCompile:
         c:\Program Files\Microsoft Visual Studio 10.0\VC\bin\CL.exe /c /ZI /nologo /W3 /WX- /Od /Oy- /D WIN32 /D _DEBUG /D _CONSOLE /D _UNICODE /D UNICODE /Gm /EHsc /RTC1 /MDd /GS /fp:precise /Zc:wchar_t /Zc:forScope /Fo"Debug\\" /Fd"Debug\vc100.pdb" /Gd /TP /analyze- /errorReport:prompt snake.cpp
         snake.cpp
     1>c:\users\bakhtiyar\documents\visual studio 2010\projects\snake xenzia\snake xenzia\snake.cpp(52): warning C4101: 'key' : unreferenced local variable
     1>c:\users\bakhtiyar\documents\visual studio 2010\projects\snake xenzia\snake xenzia\snake.cpp(129): warning C4996: 'kbhit': The POSIX name for this item is deprecated. Instead, use the ISO C++ conformant name: _kbhit. See online help for details.
                 c:\program files\microsoft visual studio 10.0\vc\include\conio.h(130) : see declaration of 'kbhit'
     1>c:\users\bakhtiyar\documents\visual studio 2010\projects\snake xenzia\snake xenzia\snake.cpp(131): warning C4996: 'getch': The POSIX name for this item is deprecated. Instead, use the ISO C++ conformant name: _getch. See online help for details.
                 c:\program files\microsoft visual studio 10.0\vc\include\conio.h(128) : see declaration of 'getch'
     1>c:\users\bakhtiyar\documents\visual studio 2010\projects\snake xenzia\snake xenzia\snake.cpp(142): warning C4996: 'getch': The POSIX name for this item is deprecated. Instead, use the ISO C++ conformant name: _getch. See online help for details.
                 c:\program files\microsoft visual studio 10.0\vc\include\conio.h(128) : see declaration of 'getch'
     1>c:\users\bakhtiyar\documents\visual studio 2010\projects\snake xenzia\snake xenzia\snake.cpp(225): warning C4996: 'getch': The POSIX name for this item is deprecated. Instead, use the ISO C++ conformant name: _getch. See online help for details.
                 c:\program files\microsoft visual studio 10.0\vc\include\conio.h(128) : see declaration of 'getch'
     1>c:\users\bakhtiyar\documents\visual studio 2010\projects\snake xenzia\snake xenzia\snake.cpp(218): warning C4101: 'col' : unreferenced local variable
     1>c:\users\bakhtiyar\documents\visual studio 2010\projects\snake xenzia\snake xenzia\snake.cpp(218): warning C4101: 'row' : unreferenced local variable
     1>c:\users\bakhtiyar\documents\visual studio 2010\projects\snake xenzia\snake xenzia\snake.cpp(218): warning C4101: 'c' : unreferenced local variable
     1>c:\users\bakhtiyar\documents\visual studio 2010\projects\snake xenzia\snake xenzia\snake.cpp(244): warning C4996: 'kbhit': The POSIX name for this item is deprecated. Instead, use the ISO C++ conformant name: _kbhit. See online help for details.
                 c:\program files\microsoft visual studio 10.0\vc\include\conio.h(130) : see declaration of 'kbhit'
     1>c:\users\bakhtiyar\documents\visual studio 2010\projects\snake xenzia\snake xenzia\snake.cpp(292): warning C4244: 'argument' : conversion from 'time_t' to 'unsigned int', possible loss of data
     1>c:\users\bakhtiyar\documents\visual studio 2010\projects\snake xenzia\snake xenzia\snake.cpp(328): warning C4996: 'kbhit': The POSIX name for this item is deprecated. Instead, use the ISO C++ conformant name: _kbhit. See online help for details.
                 c:\program files\microsoft visual studio 10.0\vc\include\conio.h(130) : see declaration of 'kbhit'
     1>c:\users\bakhtiyar\documents\visual studio 2010\projects\snake xenzia\snake xenzia\snake.cpp(352): warning C4996: 'kbhit': The POSIX name for this item is deprecated. Instead, use the ISO C++ conformant name: _kbhit. See online help for details.
                 c:\program files\microsoft visual studio 10.0\vc\include\conio.h(130) : see declaration of 'kbhit'
     1>c:\users\bakhtiyar\documents\visual studio 2010\projects\snake xenzia\snake xenzia\snake.cpp(445): warning C4996: 'getch': The POSIX name for this item is deprecated. Instead, use the ISO C++ conformant name: _getch. See online help for details.
                 c:\program files\microsoft visual studio 10.0\vc\include\conio.h(128) : see declaration of 'getch'
     1>c:\users\bakhtiyar\documents\visual studio 2010\projects\snake xenzia\snake xenzia\snake.cpp(450): warning C4996: 'getch': The POSIX name for this item is deprecated. Instead, use the ISO C++ conformant name: _getch. See online help for details.
                 c:\program files\microsoft visual studio 10.0\vc\include\conio.h(128) : see declaration of 'getch'
     1>c:\users\bakhtiyar\documents\visual studio 2010\projects\snake xenzia\snake xenzia\snake.cpp(457): warning C4996: 'fopen': This function or variable may be unsafe. Consider using fopen_s instead. To disable deprecation, use _CRT_SECURE_NO_WARNINGS. See online help for details.
                 c:\program files\microsoft visual studio 10.0\vc\include\stdio.h(234) : see declaration of 'fopen'
     1>c:\users\bakhtiyar\documents\visual studio 2010\projects\snake xenzia\snake xenzia\snake.cpp(458): warning C4996: 'getch': The POSIX name for this item is deprecated. Instead, use the ISO C++ conformant name: _getch. See online help for details.
                 c:\program files\microsoft visual studio 10.0\vc\include\conio.h(128) : see declaration of 'getch'
     1>c:\users\bakhtiyar\documents\visual studio 2010\projects\snake xenzia\snake xenzia\snake.cpp(461): warning C4996: 'scanf': This function or variable may be unsafe. Consider using scanf_s instead. To disable deprecation, use _CRT_SECURE_NO_WARNINGS. See online help for details.
                 c:\program files\microsoft visual studio 10.0\vc\include\stdio.h(304) : see declaration of 'scanf'
     1>c:\users\bakhtiyar\documents\visual studio 2010\projects\snake xenzia\snake xenzia\snake.cpp(478): warning C4996: 'ctime': This function or variable may be unsafe. Consider using ctime_s instead. To disable deprecation, use _CRT_SECURE_NO_WARNINGS. See online help for details.
                 c:\program files\microsoft visual studio 10.0\vc\include\time.inl(86) : see declaration of 'ctime'
     1>c:\users\bakhtiyar\documents\visual studio 2010\projects\snake xenzia\snake xenzia\snake.cpp(487): warning C4996: 'getch': The POSIX name for this item is deprecated. Instead, use the ISO C++ conformant name: _getch. See online help for details.
                 c:\program files\microsoft visual studio 10.0\vc\include\conio.h(128) : see declaration of 'getch'
     1>c:\users\bakhtiyar\documents\visual studio 2010\projects\snake xenzia\snake xenzia\snake.cpp(490): warning C4996: 'fopen': This function or variable may be unsafe. Consider using fopen_s instead. To disable deprecation, use _CRT_SECURE_NO_WARNINGS. See online help for details.
                 c:\program files\microsoft visual studio 10.0\vc\include\stdio.h(234) : see declaration of 'fopen'
     1>c:\users\bakhtiyar\documents\visual studio 2010\projects\snake xenzia\snake xenzia\snake.cpp(530): warning C4996: 'kbhit': The POSIX name for this item is deprecated. Instead, use the ISO C++ conformant name: _kbhit. See online help for details.
                 c:\program files\microsoft visual studio 10.0\vc\include\conio.h(130) : see declaration of 'kbhit'
       ManifestResourceCompile:
         All outputs are up-to-date.
       Link:
         c:\Program Files\Microsoft Visual Studio 10.0\VC\bin\link.exe /ERRORREPORT:PROMPT /OUT:"C:\Users\bakhtiyar\documents\visual studio 2010\Projects\snake xenzia\Debug\snake xenzia.exe" /INCREMENTAL /NOLOGO kernel32.lib user32.lib gdi32.lib winspool.lib comdlg32.lib advapi32.lib shell32.lib ole32.lib oleaut32.lib uuid.lib odbc32.lib odbccp32.lib /MANIFEST /ManifestFile:"Debug\snake xenzia.exe.intermediate.manifest" /MANIFESTUAC:"level='asInvoker' uiAccess='false'" /DEBUG /PDB:"C:\Users\bakhtiyar\documents\visual studio 2010\Projects\snake xenzia\Debug\snake xenzia.pdb" /SUBSYSTEM:CONSOLE /TLBID:1 /DYNAMICBASE /NXCOMPAT /IMPLIB:"C:\Users\bakhtiyar\documents\visual studio 2010\Projects\snake xenzia\Debug\snake xenzia.lib" /MACHINE:X86 "Debug\snake xenzia.exe.embed.manifest.res"
         Debug\snake.obj
       Manifest:
         c:\Program Files\Microsoft SDKs\Windows\v7.0A\bin\mt.exe /nologo /verbose /out:"Debug\snake xenzia.exe.embed.manifest" /manifest "Debug\snake xenzia.exe.intermediate.manifest"
         All outputs are up-to-date.
       LinkEmbedManifest:
         All outputs are up-to-date.
         snake xenzia.vcxproj -> C:\Users\bakhtiyar\documents\visual studio 2010\Projects\snake xenzia\Debug\snake xenzia.exe
       FinalizeBuildStatus:
         Deleting file "Debug\snake xenzia.unsuccessfulbuild".
         Touching "Debug\snake xenzia.lastbuildstate".
     1>Done Building Project "C:\Users\bakhtiyar\documents\visual studio 2010\Projects\snake xenzia\snake xenzia\snake xenzia.vcxproj" (build target(s)).

Build succeeded.

Time Elapsed 00:00:20.57
