Build started 3/18/2016 11:26:03 PM.
     1>Project "c:\Users\bakhtiyar\documents\visual studio 2010\Projects\structOperatorOverLoading\structOperatorOverLoading\structOperatorOverLoading.vcxproj" on node 2 (build target(s)).
     1>PrepareForBuild:
         Creating directory "c:\users\bakhtiyar\documents\visual studio 2010\Projects\structOperatorOverLoading\Debug\".
       InitializeBuildStatus:
         Creating "Debug\structOperatorOverLoading.unsuccessfulbuild" because "AlwaysCreate" was specified.
       ClCompile:
         c:\Program Files\Microsoft Visual Studio 10.0\VC\bin\CL.exe /c /ZI /nologo /W3 /WX- /Od /Oy- /D WIN32 /D _DEBUG /D _CONSOLE /D _UNICODE /D UNICODE /Gm /EHsc /RTC1 /MDd /GS /fp:precise /Zc:wchar_t /Zc:forScope /Fo"Debug\\" /Fd"Debug\vc100.pdb" /Gd /TP /analyze- /errorReport:prompt OPera.cpp
         OPera.cpp
     1>c:\users\bakhtiyar\documents\visual studio 2010\projects\structoperatoroverloading\structoperatoroverloading\opera.cpp(33): warning C4996: 'getch': The POSIX name for this item is deprecated. Instead, use the ISO C++ conformant name: _getch. See online help for details.
                 c:\program files\microsoft visual studio 10.0\vc\include\conio.h(128) : see declaration of 'getch'
       ManifestResourceCompile:
         c:\Program Files\Microsoft SDKs\Windows\v7.0A\bin\rc.exe /nologo /fo"Debug\structOperatorOverLoading.exe.embed.manifest.res" Debug\structOperatorOverLoading_manifest.rc 
       Link:
         c:\Program Files\Microsoft Visual Studio 10.0\VC\bin\link.exe /ERRORREPORT:PROMPT /OUT:"c:\users\bakhtiyar\documents\visual studio 2010\Projects\structOperatorOverLoading\Debug\structOperatorOverLoading.exe" /INCREMENTAL /NOLOGO kernel32.lib user32.lib gdi32.lib winspool.lib comdlg32.lib advapi32.lib shell32.lib ole32.lib oleaut32.lib uuid.lib odbc32.lib odbccp32.lib /MANIFEST /ManifestFile:"Debug\structOperatorOverLoading.exe.intermediate.manifest" /MANIFESTUAC:"level='asInvoker' uiAccess='false'" /DEBUG /PDB:"c:\users\bakhtiyar\documents\visual studio 2010\Projects\structOperatorOverLoading\Debug\structOperatorOverLoading.pdb" /SUBSYSTEM:CONSOLE /TLBID:1 /DYNAMICBASE /NXCOMPAT /IMPLIB:"c:\users\bakhtiyar\documents\visual studio 2010\Projects\structOperatorOverLoading\Debug\structOperatorOverLoading.lib" /MACHINE:X86 Debug\structOperatorOverLoading.exe.embed.manifest.res
         Debug\OPera.obj
       Manifest:
         c:\Program Files\Microsoft SDKs\Windows\v7.0A\bin\mt.exe /nologo /verbose /out:"Debug\structOperatorOverLoading.exe.embed.manifest" /manifest Debug\structOperatorOverLoading.exe.intermediate.manifest
         c:\Program Files\Microsoft SDKs\Windows\v7.0A\bin\rc.exe /nologo /fo"Debug\structOperatorOverLoading.exe.embed.manifest.res" Debug\structOperatorOverLoading_manifest.rc 
       LinkEmbedManifest:
         c:\Program Files\Microsoft Visual Studio 10.0\VC\bin\link.exe /ERRORREPORT:PROMPT /OUT:"c:\users\bakhtiyar\documents\visual studio 2010\Projects\structOperatorOverLoading\Debug\structOperatorOverLoading.exe" /INCREMENTAL /NOLOGO kernel32.lib user32.lib gdi32.lib winspool.lib comdlg32.lib advapi32.lib shell32.lib ole32.lib oleaut32.lib uuid.lib odbc32.lib odbccp32.lib /MANIFEST /ManifestFile:"Debug\structOperatorOverLoading.exe.intermediate.manifest" /MANIFESTUAC:"level='asInvoker' uiAccess='false'" /DEBUG /PDB:"c:\users\bakhtiyar\documents\visual studio 2010\Projects\structOperatorOverLoading\Debug\structOperatorOverLoading.pdb" /SUBSYSTEM:CONSOLE /TLBID:1 /DYNAMICBASE /NXCOMPAT /IMPLIB:"c:\users\bakhtiyar\documents\visual studio 2010\Projects\structOperatorOverLoading\Debug\structOperatorOverLoading.lib" /MACHINE:X86 Debug\structOperatorOverLoading.exe.embed.manifest.res
         Debug\OPera.obj
         structOperatorOverLoading.vcxproj -> c:\users\bakhtiyar\documents\visual studio 2010\Projects\structOperatorOverLoading\Debug\structOperatorOverLoading.exe
       FinalizeBuildStatus:
         Deleting file "Debug\structOperatorOverLoading.unsuccessfulbuild".
         Touching "Debug\structOperatorOverLoading.lastbuildstate".
     1>Done Building Project "c:\Users\bakhtiyar\documents\visual studio 2010\Projects\structOperatorOverLoading\structOperatorOverLoading\structOperatorOverLoading.vcxproj" (build target(s)).

Build succeeded.

Time Elapsed 00:00:01.79
