Build started 2/5/2016 10:38:33 AM.
     1>Project "c:\Users\bakhtiyar\documents\visual studio 2010\Projects\charret\charret\charret.vcxproj" on node 2 (build target(s)).
     1>InitializeBuildStatus:
         Creating "Debug\charret.unsuccessfulbuild" because "AlwaysCreate" was specified.
       ClCompile:
         c:\Program Files\Microsoft Visual Studio 10.0\VC\bin\CL.exe /c /ZI /nologo /W3 /WX- /Od /Oy- /D WIN32 /D _DEBUG /D _CONSOLE /D _UNICODE /D UNICODE /Gm /EHsc /RTC1 /MDd /GS /fp:precise /Zc:wchar_t /Zc:forScope /Fo"Debug\\" /Fd"Debug\vc100.pdb" /Gd /TP /analyze- /errorReport:prompt charrr.cpp
         charrr.cpp
       ManifestResourceCompile:
         All outputs are up-to-date.
       Link:
         c:\Program Files\Microsoft Visual Studio 10.0\VC\bin\link.exe /ERRORREPORT:PROMPT /OUT:"c:\users\bakhtiyar\documents\visual studio 2010\Projects\charret\Debug\charret.exe" /INCREMENTAL /NOLOGO kernel32.lib user32.lib gdi32.lib winspool.lib comdlg32.lib advapi32.lib shell32.lib ole32.lib oleaut32.lib uuid.lib odbc32.lib odbccp32.lib /MANIFEST /ManifestFile:"Debug\charret.exe.intermediate.manifest" /MANIFESTUAC:"level='asInvoker' uiAccess='false'" /DEBUG /PDB:"c:\users\bakhtiyar\documents\visual studio 2010\Projects\charret\Debug\charret.pdb" /SUBSYSTEM:CONSOLE /TLBID:1 /DYNAMICBASE /NXCOMPAT /IMPLIB:"c:\users\bakhtiyar\documents\visual studio 2010\Projects\charret\Debug\charret.lib" /MACHINE:X86 Debug\charret.exe.embed.manifest.res
         Debug\charrr.obj
       Manifest:
         c:\Program Files\Microsoft SDKs\Windows\v7.0A\bin\mt.exe /nologo /verbose /out:"Debug\charret.exe.embed.manifest" /manifest Debug\charret.exe.intermediate.manifest
         All outputs are up-to-date.
       LinkEmbedManifest:
         All outputs are up-to-date.
         charret.vcxproj -> c:\users\bakhtiyar\documents\visual studio 2010\Projects\charret\Debug\charret.exe
       FinalizeBuildStatus:
         Deleting file "Debug\charret.unsuccessfulbuild".
         Touching "Debug\charret.lastbuildstate".
     1>Done Building Project "c:\Users\bakhtiyar\documents\visual studio 2010\Projects\charret\charret\charret.vcxproj" (build target(s)).

Build succeeded.

Time Elapsed 00:00:01.22
