Build started 3/25/2016 10:34:28 PM.
     1>Project "C:\Users\bakhtiyar\Documents\Visual Studio 2010\Projects\ARGPASSCALCULATOR\ARGPASSCALCULATOR\ARGPASSCALCULATOR.vcxproj" on node 2 (build target(s)).
     1>InitializeBuildStatus:
         Creating "Debug\ARGPASSCALCULATOR.unsuccessfulbuild" because "AlwaysCreate" was specified.
       ClCompile:
         c:\Program Files\Microsoft Visual Studio 10.0\VC\bin\CL.exe /c /ZI /nologo /W3 /WX- /Od /Oy- /D WIN32 /D _DEBUG /D _CONSOLE /D _UNICODE /D UNICODE /Gm /EHsc /RTC1 /MDd /GS /fp:precise /Zc:wchar_t /Zc:forScope /Fo"Debug\\" /Fd"Debug\vc100.pdb" /Gd /TP /analyze- /errorReport:prompt CALCULATOR.cpp
         CALCULATOR.cpp
     1>c:\users\bakhtiyar\documents\visual studio 2010\projects\argpasscalculator\argpasscalculator\calculator.cpp(16): warning C4996: 'getch': The POSIX name for this item is deprecated. Instead, use the ISO C++ conformant name: _getch. See online help for details.
                 c:\program files\microsoft visual studio 10.0\vc\include\conio.h(128) : see declaration of 'getch'
     1>c:\users\bakhtiyar\documents\visual studio 2010\projects\argpasscalculator\argpasscalculator\calculator.cpp(57): warning C4996: 'getch': The POSIX name for this item is deprecated. Instead, use the ISO C++ conformant name: _getch. See online help for details.
                 c:\program files\microsoft visual studio 10.0\vc\include\conio.h(128) : see declaration of 'getch'
       ManifestResourceCompile:
         All outputs are up-to-date.
       Link:
         c:\Program Files\Microsoft Visual Studio 10.0\VC\bin\link.exe /ERRORREPORT:PROMPT /OUT:"C:\Users\bakhtiyar\Documents\Visual Studio 2010\Projects\ARGPASSCALCULATOR\Debug\ARGPASSCALCULATOR.exe" /INCREMENTAL /NOLOGO kernel32.lib user32.lib gdi32.lib winspool.lib comdlg32.lib advapi32.lib shell32.lib ole32.lib oleaut32.lib uuid.lib odbc32.lib odbccp32.lib /MANIFEST /ManifestFile:"Debug\ARGPASSCALCULATOR.exe.intermediate.manifest" /MANIFESTUAC:"level='asInvoker' uiAccess='false'" /DEBUG /PDB:"C:\Users\bakhtiyar\Documents\Visual Studio 2010\Projects\ARGPASSCALCULATOR\Debug\ARGPASSCALCULATOR.pdb" /SUBSYSTEM:CONSOLE /TLBID:1 /DYNAMICBASE /NXCOMPAT /IMPLIB:"C:\Users\bakhtiyar\Documents\Visual Studio 2010\Projects\ARGPASSCALCULATOR\Debug\ARGPASSCALCULATOR.lib" /MACHINE:X86 Debug\ARGPASSCALCULATOR.exe.embed.manifest.res
         Debug\CALCULATOR.obj
       Manifest:
         c:\Program Files\Microsoft SDKs\Windows\v7.0A\bin\mt.exe /nologo /verbose /out:"Debug\ARGPASSCALCULATOR.exe.embed.manifest" /manifest Debug\ARGPASSCALCULATOR.exe.intermediate.manifest
         All outputs are up-to-date.
       LinkEmbedManifest:
         All outputs are up-to-date.
         ARGPASSCALCULATOR.vcxproj -> C:\Users\bakhtiyar\Documents\Visual Studio 2010\Projects\ARGPASSCALCULATOR\Debug\ARGPASSCALCULATOR.exe
       FinalizeBuildStatus:
         Deleting file "Debug\ARGPASSCALCULATOR.unsuccessfulbuild".
         Touching "Debug\ARGPASSCALCULATOR.lastbuildstate".
     1>Done Building Project "C:\Users\bakhtiyar\Documents\Visual Studio 2010\Projects\ARGPASSCALCULATOR\ARGPASSCALCULATOR\ARGPASSCALCULATOR.vcxproj" (build target(s)).

Build succeeded.

Time Elapsed 00:00:06.08
