Build started 2/4/2016 10:15:18 AM.
     1>Project "C:\Users\bakhtiyar\Documents\Visual Studio 2010\Projects\cppfunction\cppfunction\cppfunction.vcxproj" on node 2 (build target(s)).
     1>InitializeBuildStatus:
         Creating "Debug\cppfunction.unsuccessfulbuild" because "AlwaysCreate" was specified.
       ClCompile:
         c:\Program Files\Microsoft Visual Studio 10.0\VC\bin\CL.exe /c /ZI /nologo /W3 /WX- /Od /Oy- /D WIN32 /D _DEBUG /D _CONSOLE /D _UNICODE /D UNICODE /Gm /EHsc /RTC1 /MDd /GS /fp:precise /Zc:wchar_t /Zc:forScope /Fo"Debug\\" /Fd"Debug\vc100.pdb" /Gd /TP /analyze- /errorReport:prompt funct.cpp
         funct.cpp
       ManifestResourceCompile:
         All outputs are up-to-date.
       Link:
         c:\Program Files\Microsoft Visual Studio 10.0\VC\bin\link.exe /ERRORREPORT:PROMPT /OUT:"C:\Users\bakhtiyar\Documents\Visual Studio 2010\Projects\cppfunction\Debug\cppfunction.exe" /INCREMENTAL /NOLOGO kernel32.lib user32.lib gdi32.lib winspool.lib comdlg32.lib advapi32.lib shell32.lib ole32.lib oleaut32.lib uuid.lib odbc32.lib odbccp32.lib /MANIFEST /ManifestFile:"Debug\cppfunction.exe.intermediate.manifest" /MANIFESTUAC:"level='asInvoker' uiAccess='false'" /DEBUG /PDB:"C:\Users\bakhtiyar\Documents\Visual Studio 2010\Projects\cppfunction\Debug\cppfunction.pdb" /SUBSYSTEM:CONSOLE /TLBID:1 /DYNAMICBASE /NXCOMPAT /IMPLIB:"C:\Users\bakhtiyar\Documents\Visual Studio 2010\Projects\cppfunction\Debug\cppfunction.lib" /MACHINE:X86 Debug\cppfunction.exe.embed.manifest.res
         Debug\funct.obj
       Manifest:
         c:\Program Files\Microsoft SDKs\Windows\v7.0A\bin\mt.exe /nologo /verbose /out:"Debug\cppfunction.exe.embed.manifest" /manifest Debug\cppfunction.exe.intermediate.manifest
         All outputs are up-to-date.
       LinkEmbedManifest:
         All outputs are up-to-date.
         cppfunction.vcxproj -> C:\Users\bakhtiyar\Documents\Visual Studio 2010\Projects\cppfunction\Debug\cppfunction.exe
       FinalizeBuildStatus:
         Deleting file "Debug\cppfunction.unsuccessfulbuild".
         Touching "Debug\cppfunction.lastbuildstate".
     1>Done Building Project "C:\Users\bakhtiyar\Documents\Visual Studio 2010\Projects\cppfunction\cppfunction\cppfunction.vcxproj" (build target(s)).

Build succeeded.

Time Elapsed 00:00:05.80
