C:\USERS\BAKHTIYAR\DOCUMENTS\VISUAL STUDIO 2010\PROJECTS\FILING\DEBUG\FILING.EXE
C:\USERS\BAKHTIYAR\DOCUMENTS\VISUAL STUDIO 2010\PROJECTS\FILING\DEBUG\FILING.ILK
C:\USERS\BAKHTIYAR\DOCUMENTS\VISUAL STUDIO 2010\PROJECTS\FILING\DEBUG\FILING.PDB
C:\Users\bakhtiyar\Documents\Visual Studio 2010\Projects\filing\filing\Debug\cl.command.1.tlog
C:\Users\bakhtiyar\Documents\Visual Studio 2010\Projects\filing\filing\Debug\CL.read.1.tlog
C:\Users\bakhtiyar\Documents\Visual Studio 2010\Projects\filing\filing\Debug\CL.write.1.tlog
C:\USERS\BAKHTIYAR\DOCUMENTS\VISUAL STUDIO 2010\PROJECTS\FILING\FILING\DEBUG\FILE.OBJ
C:\USERS\BAKHTIYAR\DOCUMENTS\VISUAL STUDIO 2010\PROJECTS\FILING\FILING\DEBUG\FILING.EXE.EMBED.MANIFEST
C:\USERS\BAKHTIYAR\DOCUMENTS\VISUAL STUDIO 2010\PROJECTS\FILING\FILING\DEBUG\FILING.EXE.EMBED.MANIFEST.RES
C:\USERS\BAKHTIYAR\DOCUMENTS\VISUAL STUDIO 2010\PROJECTS\FILING\FILING\DEBUG\FILING.EXE.INTERMEDIATE.MANIFEST
C:\Users\bakhtiyar\Documents\Visual Studio 2010\Projects\filing\filing\Debug\filing.vcxprojResolveAssemblyReference.cache
C:\Users\bakhtiyar\Documents\Visual Studio 2010\Projects\filing\filing\Debug\filing.write.1.tlog
C:\Users\bakhtiyar\Documents\Visual Studio 2010\Projects\filing\filing\Debug\filing_manifest.rc
C:\Users\bakhtiyar\Documents\Visual Studio 2010\Projects\filing\filing\Debug\link.1372.read.1.tlog
C:\Users\bakhtiyar\Documents\Visual Studio 2010\Projects\filing\filing\Debug\link.1372.write.1.tlog
C:\Users\bakhtiyar\Documents\Visual Studio 2010\Projects\filing\filing\Debug\link.1372-cvtres.read.1.tlog
C:\Users\bakhtiyar\Documents\Visual Studio 2010\Projects\filing\filing\Debug\link.1372-cvtres.write.1.tlog
C:\Users\bakhtiyar\Documents\Visual Studio 2010\Projects\filing\filing\Debug\link.command.1.tlog
C:\Users\bakhtiyar\Documents\Visual Studio 2010\Projects\filing\filing\Debug\link.read.1.tlog
C:\Users\bakhtiyar\Documents\Visual Studio 2010\Projects\filing\filing\Debug\link.write.1.tlog
C:\Users\bakhtiyar\Documents\Visual Studio 2010\Projects\filing\filing\Debug\link-cvtres.read.1.tlog
C:\Users\bakhtiyar\Documents\Visual Studio 2010\Projects\filing\filing\Debug\link-cvtres.write.1.tlog
C:\Users\bakhtiyar\Documents\Visual Studio 2010\Projects\filing\filing\Debug\mt.command.1.tlog
C:\Users\bakhtiyar\Documents\Visual Studio 2010\Projects\filing\filing\Debug\mt.read.1.tlog
C:\Users\bakhtiyar\Documents\Visual Studio 2010\Projects\filing\filing\Debug\mt.write.1.tlog
C:\Users\bakhtiyar\Documents\Visual Studio 2010\Projects\filing\filing\Debug\rc.command.1.tlog
C:\Users\bakhtiyar\Documents\Visual Studio 2010\Projects\filing\filing\Debug\rc.read.1.tlog
C:\Users\bakhtiyar\Documents\Visual Studio 2010\Projects\filing\filing\Debug\rc.write.1.tlog
C:\Users\bakhtiyar\Documents\Visual Studio 2010\Projects\filing\filing\Debug\vc100.idb
C:\USERS\BAKHTIYAR\DOCUMENTS\VISUAL STUDIO 2010\PROJECTS\FILING\FILING\DEBUG\VC100.PDB
