Build started 3/18/2016 10:20:34 AM.
     1>Project "C:\Users\bakhtiyar\Documents\Visual Studio 2010\Projects\filing\filing\filing.vcxproj" on node 2 (build target(s)).
     1>InitializeBuildStatus:
         Creating "Debug\filing.unsuccessfulbuild" because "AlwaysCreate" was specified.
       ClCompile:
         c:\Program Files\Microsoft Visual Studio 10.0\VC\bin\CL.exe /c /ZI /nologo /W3 /WX- /Od /Oy- /D WIN32 /D _DEBUG /D _CONSOLE /D _UNICODE /D UNICODE /Gm /EHsc /RTC1 /MDd /GS /fp:precise /Zc:wchar_t /Zc:forScope /Fo"Debug\\" /Fd"Debug\vc100.pdb" /Gd /TP /analyze- /errorReport:prompt file.cpp
         file.cpp
     1>c:\users\bakhtiyar\documents\visual studio 2010\projects\filing\filing\file.cpp(32): warning C4996: 'fopen': This function or variable may be unsafe. Consider using fopen_s instead. To disable deprecation, use _CRT_SECURE_NO_WARNINGS. See online help for details.
                 c:\program files\microsoft visual studio 10.0\vc\include\stdio.h(234) : see declaration of 'fopen'
     1>c:\users\bakhtiyar\documents\visual studio 2010\projects\filing\filing\file.cpp(34): warning C4996: 'fopen': This function or variable may be unsafe. Consider using fopen_s instead. To disable deprecation, use _CRT_SECURE_NO_WARNINGS. See online help for details.
                 c:\program files\microsoft visual studio 10.0\vc\include\stdio.h(234) : see declaration of 'fopen'
     1>c:\users\bakhtiyar\documents\visual studio 2010\projects\filing\filing\file.cpp(58): warning C4996: 'getche': The POSIX name for this item is deprecated. Instead, use the ISO C++ conformant name: _getche. See online help for details.
                 c:\program files\microsoft visual studio 10.0\vc\include\conio.h(129) : see declaration of 'getche'
     1>c:\users\bakhtiyar\documents\visual studio 2010\projects\filing\filing\file.cpp(66): warning C4996: 'scanf': This function or variable may be unsafe. Consider using scanf_s instead. To disable deprecation, use _CRT_SECURE_NO_WARNINGS. See online help for details.
                 c:\program files\microsoft visual studio 10.0\vc\include\stdio.h(304) : see declaration of 'scanf'
     1>c:\users\bakhtiyar\documents\visual studio 2010\projects\filing\filing\file.cpp(70): warning C4996: 'getche': The POSIX name for this item is deprecated. Instead, use the ISO C++ conformant name: _getche. See online help for details.
                 c:\program files\microsoft visual studio 10.0\vc\include\conio.h(129) : see declaration of 'getche'
     1>c:\users\bakhtiyar\documents\visual studio 2010\projects\filing\filing\file.cpp(82): warning C4996: 'getch': The POSIX name for this item is deprecated. Instead, use the ISO C++ conformant name: _getch. See online help for details.
                 c:\program files\microsoft visual studio 10.0\vc\include\conio.h(128) : see declaration of 'getch'
     1>c:\users\bakhtiyar\documents\visual studio 2010\projects\filing\filing\file.cpp(91): warning C4996: 'scanf': This function or variable may be unsafe. Consider using scanf_s instead. To disable deprecation, use _CRT_SECURE_NO_WARNINGS. See online help for details.
                 c:\program files\microsoft visual studio 10.0\vc\include\stdio.h(304) : see declaration of 'scanf'
     1>c:\users\bakhtiyar\documents\visual studio 2010\projects\filing\filing\file.cpp(100): warning C4996: 'scanf': This function or variable may be unsafe. Consider using scanf_s instead. To disable deprecation, use _CRT_SECURE_NO_WARNINGS. See online help for details.
                 c:\program files\microsoft visual studio 10.0\vc\include\stdio.h(304) : see declaration of 'scanf'
     1>c:\users\bakhtiyar\documents\visual studio 2010\projects\filing\filing\file.cpp(111): warning C4996: 'getche': The POSIX name for this item is deprecated. Instead, use the ISO C++ conformant name: _getche. See online help for details.
                 c:\program files\microsoft visual studio 10.0\vc\include\conio.h(129) : see declaration of 'getche'
     1>c:\users\bakhtiyar\documents\visual studio 2010\projects\filing\filing\file.cpp(118): warning C4996: 'scanf': This function or variable may be unsafe. Consider using scanf_s instead. To disable deprecation, use _CRT_SECURE_NO_WARNINGS. See online help for details.
                 c:\program files\microsoft visual studio 10.0\vc\include\stdio.h(304) : see declaration of 'scanf'
     1>c:\users\bakhtiyar\documents\visual studio 2010\projects\filing\filing\file.cpp(121): warning C4996: 'fopen': This function or variable may be unsafe. Consider using fopen_s instead. To disable deprecation, use _CRT_SECURE_NO_WARNINGS. See online help for details.
                 c:\program files\microsoft visual studio 10.0\vc\include\stdio.h(234) : see declaration of 'fopen'
     1>c:\users\bakhtiyar\documents\visual studio 2010\projects\filing\filing\file.cpp(136): warning C4996: 'fopen': This function or variable may be unsafe. Consider using fopen_s instead. To disable deprecation, use _CRT_SECURE_NO_WARNINGS. See online help for details.
                 c:\program files\microsoft visual studio 10.0\vc\include\stdio.h(234) : see declaration of 'fopen'
     1>c:\users\bakhtiyar\documents\visual studio 2010\projects\filing\filing\file.cpp(139): warning C4996: 'getche': The POSIX name for this item is deprecated. Instead, use the ISO C++ conformant name: _getche. See online help for details.
                 c:\program files\microsoft visual studio 10.0\vc\include\conio.h(129) : see declaration of 'getche'
       ManifestResourceCompile:
         All outputs are up-to-date.
       Link:
         c:\Program Files\Microsoft Visual Studio 10.0\VC\bin\link.exe /ERRORREPORT:PROMPT /OUT:"C:\Users\bakhtiyar\Documents\Visual Studio 2010\Projects\filing\Debug\filing.exe" /INCREMENTAL /NOLOGO kernel32.lib user32.lib gdi32.lib winspool.lib comdlg32.lib advapi32.lib shell32.lib ole32.lib oleaut32.lib uuid.lib odbc32.lib odbccp32.lib /MANIFEST /ManifestFile:"Debug\filing.exe.intermediate.manifest" /MANIFESTUAC:"level='asInvoker' uiAccess='false'" /DEBUG /PDB:"C:\Users\bakhtiyar\Documents\Visual Studio 2010\Projects\filing\Debug\filing.pdb" /SUBSYSTEM:CONSOLE /TLBID:1 /DYNAMICBASE /NXCOMPAT /IMPLIB:"C:\Users\bakhtiyar\Documents\Visual Studio 2010\Projects\filing\Debug\filing.lib" /MACHINE:X86 Debug\filing.exe.embed.manifest.res
         Debug\file.obj
     1>file.obj : error LNK2001: unresolved external symbol "void __cdecl gotoxy(short,short)" (?gotoxy@@YAXFF@Z)
     1>C:\Users\bakhtiyar\Documents\Visual Studio 2010\Projects\filing\Debug\filing.exe : fatal error LNK1120: 1 unresolved externals
     1>Done Building Project "C:\Users\bakhtiyar\Documents\Visual Studio 2010\Projects\filing\filing\filing.vcxproj" (build target(s)) -- FAILED.

Build FAILED.

Time Elapsed 00:00:00.91
