Build started 3/12/2016 8:23:58 PM.
     1>Project "C:\Users\bakhtiyar\documents\visual studio 2010\Projects\c++ binary DataBase\c++ binary DataBase\c++ binary DataBase.vcxproj" on node 2 (build target(s)).
     1>InitializeBuildStatus:
         Creating "Debug\c++ binary DataBase.unsuccessfulbuild" because "AlwaysCreate" was specified.
       ClCompile:
         c:\Program Files\Microsoft Visual Studio 10.0\VC\bin\CL.exe /c /ZI /nologo /W3 /WX- /Od /Oy- /D WIN32 /D _DEBUG /D _CONSOLE /D _UNICODE /D UNICODE /Gm /EHsc /RTC1 /MDd /GS /fp:precise /Zc:wchar_t /Zc:forScope /Fo"Debug\\" /Fd"Debug\vc100.pdb" /Gd /TP /analyze- /errorReport:prompt BinaryFiling.cpp
         BinaryFiling.cpp
     1>c:\users\bakhtiyar\documents\visual studio 2010\projects\c++ binary database\c++ binary database\binaryfiling.cpp(15): warning C4996: 'gets': This function or variable may be unsafe. Consider using gets_s instead. To disable deprecation, use _CRT_SECURE_NO_WARNINGS. See online help for details.
                 c:\program files\microsoft visual studio 10.0\vc\include\stdio.h(277) : see declaration of 'gets'
     1>c:\users\bakhtiyar\documents\visual studio 2010\projects\c++ binary database\c++ binary database\binaryfiling.cpp(36): warning C4996: 'getch': The POSIX name for this item is deprecated. Instead, use the ISO C++ conformant name: _getch. See online help for details.
                 c:\program files\microsoft visual studio 10.0\vc\include\conio.h(128) : see declaration of 'getch'
     1>c:\users\bakhtiyar\documents\visual studio 2010\projects\c++ binary database\c++ binary database\binaryfiling.cpp(48): warning C4996: 'getch': The POSIX name for this item is deprecated. Instead, use the ISO C++ conformant name: _getch. See online help for details.
                 c:\program files\microsoft visual studio 10.0\vc\include\conio.h(128) : see declaration of 'getch'
     1>c:\users\bakhtiyar\documents\visual studio 2010\projects\c++ binary database\c++ binary database\binaryfiling.cpp(57): warning C4996: 'gets': This function or variable may be unsafe. Consider using gets_s instead. To disable deprecation, use _CRT_SECURE_NO_WARNINGS. See online help for details.
                 c:\program files\microsoft visual studio 10.0\vc\include\stdio.h(277) : see declaration of 'gets'
     1>c:\users\bakhtiyar\documents\visual studio 2010\projects\c++ binary database\c++ binary database\binaryfiling.cpp(78): warning C4996: 'getch': The POSIX name for this item is deprecated. Instead, use the ISO C++ conformant name: _getch. See online help for details.
                 c:\program files\microsoft visual studio 10.0\vc\include\conio.h(128) : see declaration of 'getch'
       ManifestResourceCompile:
         All outputs are up-to-date.
       Link:
         c:\Program Files\Microsoft Visual Studio 10.0\VC\bin\link.exe /ERRORREPORT:PROMPT /OUT:"C:\Users\bakhtiyar\documents\visual studio 2010\Projects\c++ binary DataBase\Debug\c++ binary DataBase.exe" /INCREMENTAL /NOLOGO kernel32.lib user32.lib gdi32.lib winspool.lib comdlg32.lib advapi32.lib shell32.lib ole32.lib oleaut32.lib uuid.lib odbc32.lib odbccp32.lib /MANIFEST /ManifestFile:"Debug\c++ binary DataBase.exe.intermediate.manifest" /MANIFESTUAC:"level='asInvoker' uiAccess='false'" /DEBUG /PDB:"C:\Users\bakhtiyar\documents\visual studio 2010\Projects\c++ binary DataBase\Debug\c++ binary DataBase.pdb" /SUBSYSTEM:CONSOLE /TLBID:1 /DYNAMICBASE /NXCOMPAT /IMPLIB:"C:\Users\bakhtiyar\documents\visual studio 2010\Projects\c++ binary DataBase\Debug\c++ binary DataBase.lib" /MACHINE:X86 "Debug\c++ binary DataBase.exe.embed.manifest.res"
         Debug\BinaryFiling.obj
       Manifest:
         c:\Program Files\Microsoft SDKs\Windows\v7.0A\bin\mt.exe /nologo /verbose /out:"Debug\c++ binary DataBase.exe.embed.manifest" /manifest "Debug\c++ binary DataBase.exe.intermediate.manifest"
         All outputs are up-to-date.
       LinkEmbedManifest:
         All outputs are up-to-date.
         c++ binary DataBase.vcxproj -> C:\Users\bakhtiyar\documents\visual studio 2010\Projects\c++ binary DataBase\Debug\c++ binary DataBase.exe
       FinalizeBuildStatus:
         Deleting file "Debug\c++ binary DataBase.unsuccessfulbuild".
         Touching "Debug\c++ binary DataBase.lastbuildstate".
     1>Done Building Project "C:\Users\bakhtiyar\documents\visual studio 2010\Projects\c++ binary DataBase\c++ binary DataBase\c++ binary DataBase.vcxproj" (build target(s)).

Build succeeded.

Time Elapsed 00:00:01.17
