Build started 3/28/2016 10:54:24 PM.
     1>Project "C:\Users\bakhtiyar\documents\visual studio 2010\Projects\DBMS1\DBMS1\DBMS1.vcxproj" on node 2 (build target(s)).
     1>InitializeBuildStatus:
         Creating "Debug\DBMS1.unsuccessfulbuild" because "AlwaysCreate" was specified.
       ClCompile:
         c:\Program Files\Microsoft Visual Studio 10.0\VC\bin\CL.exe /c /ZI /nologo /W3 /WX- /Od /Oy- /D WIN32 /D _DEBUG /D _CONSOLE /D _UNICODE /D UNICODE /Gm /EHsc /RTC1 /MDd /GS /fp:precise /Zc:wchar_t /Zc:forScope /Fo"Debug\\" /Fd"Debug\vc100.pdb" /Gd /TP /analyze- /errorReport:prompt DataEntry.cpp
         DataEntry.cpp
     1>c:\users\bakhtiyar\documents\visual studio 2010\projects\dbms1\dbms1\dataentry.cpp(20): warning C4996: 'fopen': This function or variable may be unsafe. Consider using fopen_s instead. To disable deprecation, use _CRT_SECURE_NO_WARNINGS. See online help for details.
                 c:\program files\microsoft visual studio 10.0\vc\include\stdio.h(234) : see declaration of 'fopen'
     1>c:\users\bakhtiyar\documents\visual studio 2010\projects\dbms1\dbms1\dataentry.cpp(22): warning C4996: 'fopen': This function or variable may be unsafe. Consider using fopen_s instead. To disable deprecation, use _CRT_SECURE_NO_WARNINGS. See online help for details.
                 c:\program files\microsoft visual studio 10.0\vc\include\stdio.h(234) : see declaration of 'fopen'
     1>c:\users\bakhtiyar\documents\visual studio 2010\projects\dbms1\dbms1\dataentry.cpp(29): warning C4996: 'flushall': The POSIX name for this item is deprecated. Instead, use the ISO C++ conformant name: _flushall. See online help for details.
                 c:\program files\microsoft visual studio 10.0\vc\include\stdio.h(724) : see declaration of 'flushall'
     1>c:\users\bakhtiyar\documents\visual studio 2010\projects\dbms1\dbms1\dataentry.cpp(30): warning C4996: 'scanf': This function or variable may be unsafe. Consider using scanf_s instead. To disable deprecation, use _CRT_SECURE_NO_WARNINGS. See online help for details.
                 c:\program files\microsoft visual studio 10.0\vc\include\stdio.h(304) : see declaration of 'scanf'
     1>c:\users\bakhtiyar\documents\visual studio 2010\projects\dbms1\dbms1\dataentry.cpp(37): warning C4996: 'flushall': The POSIX name for this item is deprecated. Instead, use the ISO C++ conformant name: _flushall. See online help for details.
                 c:\program files\microsoft visual studio 10.0\vc\include\stdio.h(724) : see declaration of 'flushall'
     1>c:\users\bakhtiyar\documents\visual studio 2010\projects\dbms1\dbms1\dataentry.cpp(38): warning C4996: 'gets': This function or variable may be unsafe. Consider using gets_s instead. To disable deprecation, use _CRT_SECURE_NO_WARNINGS. See online help for details.
                 c:\program files\microsoft visual studio 10.0\vc\include\stdio.h(277) : see declaration of 'gets'
     1>c:\users\bakhtiyar\documents\visual studio 2010\projects\dbms1\dbms1\dataentry.cpp(40): warning C4996: 'scanf': This function or variable may be unsafe. Consider using scanf_s instead. To disable deprecation, use _CRT_SECURE_NO_WARNINGS. See online help for details.
                 c:\program files\microsoft visual studio 10.0\vc\include\stdio.h(304) : see declaration of 'scanf'
     1>c:\users\bakhtiyar\documents\visual studio 2010\projects\dbms1\dbms1\dataentry.cpp(42): warning C4996: 'getche': The POSIX name for this item is deprecated. Instead, use the ISO C++ conformant name: _getche. See online help for details.
                 c:\program files\microsoft visual studio 10.0\vc\include\conio.h(129) : see declaration of 'getche'
     1>c:\users\bakhtiyar\documents\visual studio 2010\projects\dbms1\dbms1\dataentry.cpp(45): warning C4996: 'getche': The POSIX name for this item is deprecated. Instead, use the ISO C++ conformant name: _getche. See online help for details.
                 c:\program files\microsoft visual studio 10.0\vc\include\conio.h(129) : see declaration of 'getche'
     1>c:\users\bakhtiyar\documents\visual studio 2010\projects\dbms1\dbms1\dataentry.cpp(64): warning C4996: 'flushall': The POSIX name for this item is deprecated. Instead, use the ISO C++ conformant name: _flushall. See online help for details.
                 c:\program files\microsoft visual studio 10.0\vc\include\stdio.h(724) : see declaration of 'flushall'
     1>c:\users\bakhtiyar\documents\visual studio 2010\projects\dbms1\dbms1\dataentry.cpp(65): warning C4996: 'gets': This function or variable may be unsafe. Consider using gets_s instead. To disable deprecation, use _CRT_SECURE_NO_WARNINGS. See online help for details.
                 c:\program files\microsoft visual studio 10.0\vc\include\stdio.h(277) : see declaration of 'gets'
     1>c:\users\bakhtiyar\documents\visual studio 2010\projects\dbms1\dbms1\dataentry.cpp(70): warning C4996: 'flushall': The POSIX name for this item is deprecated. Instead, use the ISO C++ conformant name: _flushall. See online help for details.
                 c:\program files\microsoft visual studio 10.0\vc\include\stdio.h(724) : see declaration of 'flushall'
     1>c:\users\bakhtiyar\documents\visual studio 2010\projects\dbms1\dbms1\dataentry.cpp(71): warning C4996: 'gets': This function or variable may be unsafe. Consider using gets_s instead. To disable deprecation, use _CRT_SECURE_NO_WARNINGS. See online help for details.
                 c:\program files\microsoft visual studio 10.0\vc\include\stdio.h(277) : see declaration of 'gets'
     1>c:\users\bakhtiyar\documents\visual studio 2010\projects\dbms1\dbms1\dataentry.cpp(73): warning C4996: 'scanf': This function or variable may be unsafe. Consider using scanf_s instead. To disable deprecation, use _CRT_SECURE_NO_WARNINGS. See online help for details.
                 c:\program files\microsoft visual studio 10.0\vc\include\stdio.h(304) : see declaration of 'scanf'
     1>c:\users\bakhtiyar\documents\visual studio 2010\projects\dbms1\dbms1\dataentry.cpp(75): warning C4996: 'getche': The POSIX name for this item is deprecated. Instead, use the ISO C++ conformant name: _getche. See online help for details.
                 c:\program files\microsoft visual studio 10.0\vc\include\conio.h(129) : see declaration of 'getche'
     1>c:\users\bakhtiyar\documents\visual studio 2010\projects\dbms1\dbms1\dataentry.cpp(79): warning C4996: 'getche': The POSIX name for this item is deprecated. Instead, use the ISO C++ conformant name: _getche. See online help for details.
                 c:\program files\microsoft visual studio 10.0\vc\include\conio.h(129) : see declaration of 'getche'
     1>c:\users\bakhtiyar\documents\visual studio 2010\projects\dbms1\dbms1\dataentry.cpp(87): warning C4996: 'flushall': The POSIX name for this item is deprecated. Instead, use the ISO C++ conformant name: _flushall. See online help for details.
                 c:\program files\microsoft visual studio 10.0\vc\include\stdio.h(724) : see declaration of 'flushall'
     1>c:\users\bakhtiyar\documents\visual studio 2010\projects\dbms1\dbms1\dataentry.cpp(88): warning C4996: 'gets': This function or variable may be unsafe. Consider using gets_s instead. To disable deprecation, use _CRT_SECURE_NO_WARNINGS. See online help for details.
                 c:\program files\microsoft visual studio 10.0\vc\include\stdio.h(277) : see declaration of 'gets'
     1>c:\users\bakhtiyar\documents\visual studio 2010\projects\dbms1\dbms1\dataentry.cpp(107): warning C4996: 'flushall': The POSIX name for this item is deprecated. Instead, use the ISO C++ conformant name: _flushall. See online help for details.
                 c:\program files\microsoft visual studio 10.0\vc\include\stdio.h(724) : see declaration of 'flushall'
     1>c:\users\bakhtiyar\documents\visual studio 2010\projects\dbms1\dbms1\dataentry.cpp(108): warning C4996: 'gets': This function or variable may be unsafe. Consider using gets_s instead. To disable deprecation, use _CRT_SECURE_NO_WARNINGS. See online help for details.
                 c:\program files\microsoft visual studio 10.0\vc\include\stdio.h(277) : see declaration of 'gets'
     1>c:\users\bakhtiyar\documents\visual studio 2010\projects\dbms1\dbms1\dataentry.cpp(111): warning C4996: 'fopen': This function or variable may be unsafe. Consider using fopen_s instead. To disable deprecation, use _CRT_SECURE_NO_WARNINGS. See online help for details.
                 c:\program files\microsoft visual studio 10.0\vc\include\stdio.h(234) : see declaration of 'fopen'
     1>c:\users\bakhtiyar\documents\visual studio 2010\projects\dbms1\dbms1\dataentry.cpp(124): warning C4996: 'fopen': This function or variable may be unsafe. Consider using fopen_s instead. To disable deprecation, use _CRT_SECURE_NO_WARNINGS. See online help for details.
                 c:\program files\microsoft visual studio 10.0\vc\include\stdio.h(234) : see declaration of 'fopen'
     1>c:\users\bakhtiyar\documents\visual studio 2010\projects\dbms1\dbms1\dataentry.cpp(132): warning C4996: 'getch': The POSIX name for this item is deprecated. Instead, use the ISO C++ conformant name: _getch. See online help for details.
                 c:\program files\microsoft visual studio 10.0\vc\include\conio.h(128) : see declaration of 'getch'
       ManifestResourceCompile:
         All outputs are up-to-date.
       Link:
         c:\Program Files\Microsoft Visual Studio 10.0\VC\bin\link.exe /ERRORREPORT:PROMPT /OUT:"C:\Users\bakhtiyar\documents\visual studio 2010\Projects\DBMS1\Debug\DBMS1.exe" /INCREMENTAL /NOLOGO kernel32.lib user32.lib gdi32.lib winspool.lib comdlg32.lib advapi32.lib shell32.lib ole32.lib oleaut32.lib uuid.lib odbc32.lib odbccp32.lib /MANIFEST /ManifestFile:"Debug\DBMS1.exe.intermediate.manifest" /MANIFESTUAC:"level='asInvoker' uiAccess='false'" /DEBUG /PDB:"C:\Users\bakhtiyar\documents\visual studio 2010\Projects\DBMS1\Debug\DBMS1.pdb" /SUBSYSTEM:CONSOLE /TLBID:1 /DYNAMICBASE /NXCOMPAT /IMPLIB:"C:\Users\bakhtiyar\documents\visual studio 2010\Projects\DBMS1\Debug\DBMS1.lib" /MACHINE:X86 Debug\DBMS1.exe.embed.manifest.res
         Debug\DataEntry.obj
       Manifest:
         c:\Program Files\Microsoft SDKs\Windows\v7.0A\bin\mt.exe /nologo /verbose /out:"Debug\DBMS1.exe.embed.manifest" /manifest Debug\DBMS1.exe.intermediate.manifest
         All outputs are up-to-date.
       LinkEmbedManifest:
         All outputs are up-to-date.
         DBMS1.vcxproj -> C:\Users\bakhtiyar\documents\visual studio 2010\Projects\DBMS1\Debug\DBMS1.exe
       FinalizeBuildStatus:
         Deleting file "Debug\DBMS1.unsuccessfulbuild".
         Touching "Debug\DBMS1.lastbuildstate".
     1>Done Building Project "C:\Users\bakhtiyar\documents\visual studio 2010\Projects\DBMS1\DBMS1\DBMS1.vcxproj" (build target(s)).

Build succeeded.

Time Elapsed 00:00:06.58
