Build started 2/24/2016 5:33:35 AM.
     1>Project "C:\Users\bakhtiyar\Documents\Visual Studio 2010\Projects\INHERITANCE__IMP\INHERITANCE__IMP\INHERITANCE__IMP.vcxproj" on node 2 (build target(s)).
     1>InitializeBuildStatus:
         Creating "Debug\INHERITANCE__IMP.unsuccessfulbuild" because "AlwaysCreate" was specified.
       ClCompile:
         c:\Program Files\Microsoft Visual Studio 10.0\VC\bin\CL.exe /c /ZI /nologo /W3 /WX- /Od /Oy- /D WIN32 /D _DEBUG /D _CONSOLE /D _UNICODE /D UNICODE /Gm /EHsc /RTC1 /MDd /GS /fp:precise /Zc:wchar_t /Zc:forScope /Fo"Debug\\" /Fd"Debug\vc100.pdb" /Gd /TP /analyze- /errorReport:prompt inherit.cpp
         inherit.cpp
     1>c:\users\bakhtiyar\documents\visual studio 2010\projects\inheritance__imp\inheritance__imp\inherit.cpp(56): warning C4996: 'getch': The POSIX name for this item is deprecated. Instead, use the ISO C++ conformant name: _getch. See online help for details.
                 c:\program files\microsoft visual studio 10.0\vc\include\conio.h(128) : see declaration of 'getch'
       ManifestResourceCompile:
         All outputs are up-to-date.
       Link:
         c:\Program Files\Microsoft Visual Studio 10.0\VC\bin\link.exe /ERRORREPORT:PROMPT /OUT:"C:\Users\bakhtiyar\Documents\Visual Studio 2010\Projects\INHERITANCE__IMP\Debug\INHERITANCE__IMP.exe" /INCREMENTAL /NOLOGO kernel32.lib user32.lib gdi32.lib winspool.lib comdlg32.lib advapi32.lib shell32.lib ole32.lib oleaut32.lib uuid.lib odbc32.lib odbccp32.lib /MANIFEST /ManifestFile:"Debug\INHERITANCE__IMP.exe.intermediate.manifest" /MANIFESTUAC:"level='asInvoker' uiAccess='false'" /DEBUG /PDB:"C:\Users\bakhtiyar\Documents\Visual Studio 2010\Projects\INHERITANCE__IMP\Debug\INHERITANCE__IMP.pdb" /SUBSYSTEM:CONSOLE /TLBID:1 /DYNAMICBASE /NXCOMPAT /IMPLIB:"C:\Users\bakhtiyar\Documents\Visual Studio 2010\Projects\INHERITANCE__IMP\Debug\INHERITANCE__IMP.lib" /MACHINE:X86 Debug\INHERITANCE__IMP.exe.embed.manifest.res
         Debug\inherit.obj
       Manifest:
         c:\Program Files\Microsoft SDKs\Windows\v7.0A\bin\mt.exe /nologo /verbose /out:"Debug\INHERITANCE__IMP.exe.embed.manifest" /manifest Debug\INHERITANCE__IMP.exe.intermediate.manifest
         All outputs are up-to-date.
       LinkEmbedManifest:
         All outputs are up-to-date.
         INHERITANCE__IMP.vcxproj -> C:\Users\bakhtiyar\Documents\Visual Studio 2010\Projects\INHERITANCE__IMP\Debug\INHERITANCE__IMP.exe
       FinalizeBuildStatus:
         Deleting file "Debug\INHERITANCE__IMP.unsuccessfulbuild".
         Touching "Debug\INHERITANCE__IMP.lastbuildstate".
     1>Done Building Project "C:\Users\bakhtiyar\Documents\Visual Studio 2010\Projects\INHERITANCE__IMP\INHERITANCE__IMP\INHERITANCE__IMP.vcxproj" (build target(s)).

Build succeeded.

Time Elapsed 00:00:01.33
