Build started 2/5/2016 10:14:56 AM.
     1>Project "C:\Users\bakhtiyar\Documents\Visual Studio 2010\Projects\array123\array123\array123.vcxproj" on node 2 (build target(s)).
     1>InitializeBuildStatus:
         Creating "Debug\array123.unsuccessfulbuild" because "AlwaysCreate" was specified.
       ClCompile:
         c:\Program Files\Microsoft Visual Studio 10.0\VC\bin\CL.exe /c /ZI /nologo /W3 /WX- /Od /Oy- /D WIN32 /D _DEBUG /D _CONSOLE /D _UNICODE /D UNICODE /Gm /EHsc /RTC1 /MDd /GS /fp:precise /Zc:wchar_t /Zc:forScope /Fo"Debug\\" /Fd"Debug\vc100.pdb" /Gd /TP /analyze- /errorReport:prompt averagearrray.cpp
         averagearrray.cpp
       ManifestResourceCompile:
         All outputs are up-to-date.
       Link:
         c:\Program Files\Microsoft Visual Studio 10.0\VC\bin\link.exe /ERRORREPORT:PROMPT /OUT:"C:\Users\bakhtiyar\Documents\Visual Studio 2010\Projects\array123\Debug\array123.exe" /INCREMENTAL /NOLOGO kernel32.lib user32.lib gdi32.lib winspool.lib comdlg32.lib advapi32.lib shell32.lib ole32.lib oleaut32.lib uuid.lib odbc32.lib odbccp32.lib /MANIFEST /ManifestFile:"Debug\array123.exe.intermediate.manifest" /MANIFESTUAC:"level='asInvoker' uiAccess='false'" /DEBUG /PDB:"C:\Users\bakhtiyar\Documents\Visual Studio 2010\Projects\array123\Debug\array123.pdb" /SUBSYSTEM:CONSOLE /TLBID:1 /DYNAMICBASE /NXCOMPAT /IMPLIB:"C:\Users\bakhtiyar\Documents\Visual Studio 2010\Projects\array123\Debug\array123.lib" /MACHINE:X86 Debug\array123.exe.embed.manifest.res
         Debug\averagearrray.obj
       Manifest:
         c:\Program Files\Microsoft SDKs\Windows\v7.0A\bin\mt.exe /nologo /verbose /out:"Debug\array123.exe.embed.manifest" /manifest Debug\array123.exe.intermediate.manifest
         All outputs are up-to-date.
       LinkEmbedManifest:
         All outputs are up-to-date.
         array123.vcxproj -> C:\Users\bakhtiyar\Documents\Visual Studio 2010\Projects\array123\Debug\array123.exe
       FinalizeBuildStatus:
         Deleting file "Debug\array123.unsuccessfulbuild".
         Touching "Debug\array123.lastbuildstate".
     1>Done Building Project "C:\Users\bakhtiyar\Documents\Visual Studio 2010\Projects\array123\array123\array123.vcxproj" (build target(s)).

Build succeeded.

Time Elapsed 00:00:00.99
