Build started 1/24/2016 9:41:14 AM.
     1>Project "c:\Users\bakhtiyar\documents\visual studio 2010\Projects\abc\abc\abc.vcxproj" on node 2 (build target(s)).
     1>InitializeBuildStatus:
         Touching "Debug\abc.unsuccessfulbuild".
       ClCompile:
         c:\Program Files\Microsoft Visual Studio 10.0\VC\bin\CL.exe /c /ZI /nologo /W3 /WX- /Od /Oy- /D WIN32 /D _DEBUG /D _CONSOLE /D _UNICODE /D UNICODE /Gm /EHsc /RTC1 /MDd /GS /fp:precise /Zc:wchar_t /Zc:forScope /Fo"Debug\\" /Fd"Debug\vc100.pdb" /Gd /TP /analyze- /errorReport:prompt abc.cpp
         abc.cpp
     1>c:\users\bakhtiyar\documents\visual studio 2010\projects\abc\abc\abc.cpp(15): warning C4996: 'gets': This function or variable may be unsafe. Consider using gets_s instead. To disable deprecation, use _CRT_SECURE_NO_WARNINGS. See online help for details.
                 c:\program files\microsoft visual studio 10.0\vc\include\stdio.h(277) : see declaration of 'gets'
     1>c:\users\bakhtiyar\documents\visual studio 2010\projects\abc\abc\abc.cpp(17): warning C4996: 'gets': This function or variable may be unsafe. Consider using gets_s instead. To disable deprecation, use _CRT_SECURE_NO_WARNINGS. See online help for details.
                 c:\program files\microsoft visual studio 10.0\vc\include\stdio.h(277) : see declaration of 'gets'
     1>c:\users\bakhtiyar\documents\visual studio 2010\projects\abc\abc\abc.cpp(24): warning C4996: 'getche': The POSIX name for this item is deprecated. Instead, use the ISO C++ conformant name: _getche. See online help for details.
                 c:\program files\microsoft visual studio 10.0\vc\include\conio.h(129) : see declaration of 'getche'
     1>c:\users\bakhtiyar\documents\visual studio 2010\projects\abc\abc\abc.cpp(25): warning C4996: 'strupr': The POSIX name for this item is deprecated. Instead, use the ISO C++ conformant name: _strupr. See online help for details.
                 c:\program files\microsoft visual studio 10.0\vc\include\string.h(252) : see declaration of 'strupr'
     1>c:\users\bakhtiyar\documents\visual studio 2010\projects\abc\abc\abc.cpp(28): warning C4996: 'getch': The POSIX name for this item is deprecated. Instead, use the ISO C++ conformant name: _getch. See online help for details.
                 c:\program files\microsoft visual studio 10.0\vc\include\conio.h(128) : see declaration of 'getch'
     1>c:\users\bakhtiyar\documents\visual studio 2010\projects\abc\abc\abc.cpp(29): warning C4996: 'strupr': The POSIX name for this item is deprecated. Instead, use the ISO C++ conformant name: _strupr. See online help for details.
                 c:\program files\microsoft visual studio 10.0\vc\include\string.h(252) : see declaration of 'strupr'
     1>c:\users\bakhtiyar\documents\visual studio 2010\projects\abc\abc\abc.cpp(37): warning C4996: 'getch': The POSIX name for this item is deprecated. Instead, use the ISO C++ conformant name: _getch. See online help for details.
                 c:\program files\microsoft visual studio 10.0\vc\include\conio.h(128) : see declaration of 'getch'
     1>c:\users\bakhtiyar\documents\visual studio 2010\projects\abc\abc\abc.cpp(38): warning C4996: 'strlwr': The POSIX name for this item is deprecated. Instead, use the ISO C++ conformant name: _strlwr. See online help for details.
                 c:\program files\microsoft visual studio 10.0\vc\include\string.h(247) : see declaration of 'strlwr'
     1>c:\users\bakhtiyar\documents\visual studio 2010\projects\abc\abc\abc.cpp(41): warning C4996: 'getch': The POSIX name for this item is deprecated. Instead, use the ISO C++ conformant name: _getch. See online help for details.
                 c:\program files\microsoft visual studio 10.0\vc\include\conio.h(128) : see declaration of 'getch'
     1>c:\users\bakhtiyar\documents\visual studio 2010\projects\abc\abc\abc.cpp(42): warning C4996: 'strlwr': The POSIX name for this item is deprecated. Instead, use the ISO C++ conformant name: _strlwr. See online help for details.
                 c:\program files\microsoft visual studio 10.0\vc\include\string.h(247) : see declaration of 'strlwr'
     1>c:\users\bakhtiyar\documents\visual studio 2010\projects\abc\abc\abc.cpp(56): warning C4996: 'getche': The POSIX name for this item is deprecated. Instead, use the ISO C++ conformant name: _getche. See online help for details.
                 c:\program files\microsoft visual studio 10.0\vc\include\conio.h(129) : see declaration of 'getche'
     1>c:\users\bakhtiyar\documents\visual studio 2010\projects\abc\abc\abc.cpp(77): warning C4996: 'getche': The POSIX name for this item is deprecated. Instead, use the ISO C++ conformant name: _getche. See online help for details.
                 c:\program files\microsoft visual studio 10.0\vc\include\conio.h(129) : see declaration of 'getche'
       ManifestResourceCompile:
         All outputs are up-to-date.
       Link:
         c:\Program Files\Microsoft Visual Studio 10.0\VC\bin\link.exe /ERRORREPORT:PROMPT /OUT:"c:\users\bakhtiyar\documents\visual studio 2010\Projects\abc\Debug\abc.exe" /INCREMENTAL /NOLOGO kernel32.lib user32.lib gdi32.lib winspool.lib comdlg32.lib advapi32.lib shell32.lib ole32.lib oleaut32.lib uuid.lib odbc32.lib odbccp32.lib /MANIFEST /ManifestFile:"Debug\abc.exe.intermediate.manifest" /MANIFESTUAC:"level='asInvoker' uiAccess='false'" /DEBUG /PDB:"c:\users\bakhtiyar\documents\visual studio 2010\Projects\abc\Debug\abc.pdb" /SUBSYSTEM:CONSOLE /TLBID:1 /DYNAMICBASE /NXCOMPAT /IMPLIB:"c:\users\bakhtiyar\documents\visual studio 2010\Projects\abc\Debug\abc.lib" /MACHINE:X86 Debug\abc.exe.embed.manifest.res
         Debug\abc.obj
       Manifest:
         c:\Program Files\Microsoft SDKs\Windows\v7.0A\bin\mt.exe /nologo /verbose /out:"Debug\abc.exe.embed.manifest" /manifest Debug\abc.exe.intermediate.manifest
         All outputs are up-to-date.
       LinkEmbedManifest:
         All outputs are up-to-date.
         abc.vcxproj -> c:\users\bakhtiyar\documents\visual studio 2010\Projects\abc\Debug\abc.exe
       FinalizeBuildStatus:
         Deleting file "Debug\abc.unsuccessfulbuild".
         Touching "Debug\abc.lastbuildstate".
     1>Done Building Project "c:\Users\bakhtiyar\documents\visual studio 2010\Projects\abc\abc\abc.vcxproj" (build target(s)).

Build succeeded.

Time Elapsed 00:00:01.65
