C:\USERS\BAKHTIYAR\DOCUMENTS\VISUAL STUDIO 2010\PROJECTS\ABC\ABC\DEBUG\ABC.EXE.EMBED.MANIFEST
C:\USERS\BAKHTIYAR\DOCUMENTS\VISUAL STUDIO 2010\PROJECTS\ABC\ABC\DEBUG\ABC.EXE.EMBED.MANIFEST.RES
C:\USERS\BAKHTIYAR\DOCUMENTS\VISUAL STUDIO 2010\PROJECTS\ABC\ABC\DEBUG\ABC.EXE.INTERMEDIATE.MANIFEST
C:\USERS\BAKHTIYAR\DOCUMENTS\VISUAL STUDIO 2010\PROJECTS\ABC\ABC\DEBUG\ABC.OBJ
c:\Users\bakhtiyar\documents\visual studio 2010\Projects\abc\abc\Debug\abc.write.1.tlog
c:\Users\bakhtiyar\documents\visual studio 2010\Projects\abc\abc\Debug\abc_manifest.rc
c:\Users\bakhtiyar\documents\visual studio 2010\Projects\abc\abc\Debug\cl.command.1.tlog
c:\Users\bakhtiyar\documents\visual studio 2010\Projects\abc\abc\Debug\CL.read.1.tlog
c:\Users\bakhtiyar\documents\visual studio 2010\Projects\abc\abc\Debug\CL.write.1.tlog
c:\Users\bakhtiyar\documents\visual studio 2010\Projects\abc\abc\Debug\link.2432.read.1.tlog
c:\Users\bakhtiyar\documents\visual studio 2010\Projects\abc\abc\Debug\link.2432.write.1.tlog
c:\Users\bakhtiyar\documents\visual studio 2010\Projects\abc\abc\Debug\link.2432-cvtres.read.1.tlog
c:\Users\bakhtiyar\documents\visual studio 2010\Projects\abc\abc\Debug\link.2432-cvtres.write.1.tlog
c:\Users\bakhtiyar\documents\visual studio 2010\Projects\abc\abc\Debug\link.command.1.tlog
c:\Users\bakhtiyar\documents\visual studio 2010\Projects\abc\abc\Debug\link.read.1.tlog
c:\Users\bakhtiyar\documents\visual studio 2010\Projects\abc\abc\Debug\link.write.1.tlog
c:\Users\bakhtiyar\documents\visual studio 2010\Projects\abc\abc\Debug\link-cvtres.read.1.tlog
c:\Users\bakhtiyar\documents\visual studio 2010\Projects\abc\abc\Debug\link-cvtres.write.1.tlog
c:\Users\bakhtiyar\documents\visual studio 2010\Projects\abc\abc\Debug\mt.command.1.tlog
c:\Users\bakhtiyar\documents\visual studio 2010\Projects\abc\abc\Debug\mt.read.1.tlog
c:\Users\bakhtiyar\documents\visual studio 2010\Projects\abc\abc\Debug\mt.write.1.tlog
c:\Users\bakhtiyar\documents\visual studio 2010\Projects\abc\abc\Debug\rc.command.1.tlog
c:\Users\bakhtiyar\documents\visual studio 2010\Projects\abc\abc\Debug\rc.read.1.tlog
c:\Users\bakhtiyar\documents\visual studio 2010\Projects\abc\abc\Debug\rc.write.1.tlog
c:\Users\bakhtiyar\documents\visual studio 2010\Projects\abc\abc\Debug\vc100.idb
C:\USERS\BAKHTIYAR\DOCUMENTS\VISUAL STUDIO 2010\PROJECTS\ABC\ABC\DEBUG\VC100.PDB
C:\USERS\BAKHTIYAR\DOCUMENTS\VISUAL STUDIO 2010\PROJECTS\ABC\DEBUG\ABC.EXE
C:\USERS\BAKHTIYAR\DOCUMENTS\VISUAL STUDIO 2010\PROJECTS\ABC\DEBUG\ABC.ILK
C:\USERS\BAKHTIYAR\DOCUMENTS\VISUAL STUDIO 2010\PROJECTS\ABC\DEBUG\ABC.PDB
