Build started 1/24/2016 10:29:01 AM.
     1>Project "c:\Users\bakhtiyar\documents\visual studio 2010\Projects\hello world2\hello world2\hello world2.vcxproj" on node 2 (build target(s)).
     1>InitializeBuildStatus:
         Creating "Debug\hello world2.unsuccessfulbuild" because "AlwaysCreate" was specified.
       ClCompile:
         All outputs are up-to-date.
         c:\Program Files\Microsoft Visual Studio 10.0\VC\bin\CL.exe /c /ZI /nologo /W3 /WX- /Od /Oy- /D WIN32 /D _DEBUG /D _WINDOWS /D _UNICODE /D UNICODE /Gm /EHsc /RTC1 /MDd /GS /fp:precise /Zc:wchar_t /Zc:forScope /Yu"StdAfx.h" /Fp"Debug\hello world2.pch" /Fo"Debug\\" /Fd"Debug\vc100.pdb" /Gd /TP /analyze- /errorReport:prompt "hello world2.cpp"
         hello world2.cpp
       ResourceCompile:
         All outputs are up-to-date.
       ManifestResourceCompile:
         All outputs are up-to-date.
       Link:
         c:\Program Files\Microsoft Visual Studio 10.0\VC\bin\link.exe /ERRORREPORT:PROMPT /OUT:"c:\users\bakhtiyar\documents\visual studio 2010\Projects\hello world2\Debug\hello world2.exe" /INCREMENTAL /NOLOGO kernel32.lib user32.lib gdi32.lib winspool.lib comdlg32.lib advapi32.lib shell32.lib ole32.lib oleaut32.lib uuid.lib odbc32.lib odbccp32.lib /MANIFEST /ManifestFile:"Debug\hello world2.exe.intermediate.manifest" /MANIFESTUAC:"level='asInvoker' uiAccess='false'" /DEBUG /PDB:"c:\users\bakhtiyar\documents\visual studio 2010\Projects\hello world2\Debug\hello world2.pdb" /SUBSYSTEM:WINDOWS /TLBID:1 /DYNAMICBASE /NXCOMPAT /IMPLIB:"c:\users\bakhtiyar\documents\visual studio 2010\Projects\hello world2\Debug\hello world2.lib" /MACHINE:X86 "Debug\hello world2.res"
         "Debug\hello world2.exe.embed.manifest.res"
         "Debug\hello world2.obj"
         Debug\stdafx.obj
       Manifest:
         c:\Program Files\Microsoft SDKs\Windows\v7.0A\bin\mt.exe /nologo /verbose /out:"Debug\hello world2.exe.embed.manifest" /manifest "Debug\hello world2.exe.intermediate.manifest"
         All outputs are up-to-date.
       LinkEmbedManifest:
         All outputs are up-to-date.
         hello world2.vcxproj -> c:\users\bakhtiyar\documents\visual studio 2010\Projects\hello world2\Debug\hello world2.exe
       FinalizeBuildStatus:
         Deleting file "Debug\hello world2.unsuccessfulbuild".
         Touching "Debug\hello world2.lastbuildstate".
     1>Done Building Project "c:\Users\bakhtiyar\documents\visual studio 2010\Projects\hello world2\hello world2\hello world2.vcxproj" (build target(s)).

Build succeeded.

Time Elapsed 00:00:00.62
