Build started 1/23/2016 11:48:53 AM.
     1>Project "c:\Users\bakhtiyar\documents\visual studio 2010\Projects\hello world\hello world\hello world.vcxproj" on node 2 (build target(s)).
     1>InitializeBuildStatus:
         Creating "Debug\hello world.unsuccessfulbuild" because "AlwaysCreate" was specified.
       ClCompile:
         All outputs are up-to-date.
         c:\Program Files\Microsoft Visual Studio 10.0\VC\bin\CL.exe /c /ZI /nologo /W3 /WX- /Od /Oy- /D WIN32 /D _DEBUG /D _WINDOWS /D _UNICODE /D UNICODE /Gm /EHsc /RTC1 /MDd /GS /fp:precise /Zc:wchar_t /Zc:forScope /Yu"StdAfx.h" /Fp"Debug\hello world.pch" /Fo"Debug\\" /Fd"Debug\vc100.pdb" /Gd /TP /analyze- /errorReport:prompt "hello world.cpp"
         hello world.cpp
     1>c:\users\bakhtiyar\documents\visual studio 2010\projects\hello world\hello world\hello world.cpp(169): warning C4996: 'strcpy': This function or variable may be unsafe. Consider using strcpy_s instead. To disable deprecation, use _CRT_SECURE_NO_WARNINGS. See online help for details.
                 c:\program files\microsoft visual studio 10.0\vc\include\string.h(105) : see declaration of 'strcpy'
       ResourceCompile:
         All outputs are up-to-date.
       ManifestResourceCompile:
         All outputs are up-to-date.
       Link:
         c:\Program Files\Microsoft Visual Studio 10.0\VC\bin\link.exe /ERRORREPORT:PROMPT /OUT:"c:\users\bakhtiyar\documents\visual studio 2010\Projects\hello world\Debug\hello world.exe" /INCREMENTAL /NOLOGO kernel32.lib user32.lib gdi32.lib winspool.lib comdlg32.lib advapi32.lib shell32.lib ole32.lib oleaut32.lib uuid.lib odbc32.lib odbccp32.lib /MANIFEST /ManifestFile:"Debug\hello world.exe.intermediate.manifest" /MANIFESTUAC:"level='asInvoker' uiAccess='false'" /DEBUG /PDB:"c:\users\bakhtiyar\documents\visual studio 2010\Projects\hello world\Debug\hello world.pdb" /SUBSYSTEM:WINDOWS /TLBID:1 /DYNAMICBASE /NXCOMPAT /IMPLIB:"c:\users\bakhtiyar\documents\visual studio 2010\Projects\hello world\Debug\hello world.lib" /MACHINE:X86 "Debug\hello world.res"
         "Debug\hello world.exe.embed.manifest.res"
         "Debug\hello world.obj"
         Debug\stdafx.obj
       Manifest:
         c:\Program Files\Microsoft SDKs\Windows\v7.0A\bin\mt.exe /nologo /verbose /out:"Debug\hello world.exe.embed.manifest" /manifest "Debug\hello world.exe.intermediate.manifest"
         All outputs are up-to-date.
       LinkEmbedManifest:
         All outputs are up-to-date.
         hello world.vcxproj -> c:\users\bakhtiyar\documents\visual studio 2010\Projects\hello world\Debug\hello world.exe
       FinalizeBuildStatus:
         Deleting file "Debug\hello world.unsuccessfulbuild".
         Touching "Debug\hello world.lastbuildstate".
     1>Done Building Project "c:\Users\bakhtiyar\documents\visual studio 2010\Projects\hello world\hello world\hello world.vcxproj" (build target(s)).

Build succeeded.

Time Elapsed 00:00:04.57
