C:\USERS\BAKHTIYAR\DOCUMENTS\VISUAL STUDIO 2010\PROJECTS\HELLO WORLD\DEBUG\HELLO WORLD.EXE
C:\USERS\BAKHTIYAR\DOCUMENTS\VISUAL STUDIO 2010\PROJECTS\HELLO WORLD\DEBUG\HELLO WORLD.ILK
C:\USERS\BAKHTIYAR\DOCUMENTS\VISUAL STUDIO 2010\PROJECTS\HELLO WORLD\DEBUG\HELLO WORLD.PDB
c:\Users\bakhtiyar\documents\visual studio 2010\Projects\hello world\hello world\Debug\cl.command.1.tlog
c:\Users\bakhtiyar\documents\visual studio 2010\Projects\hello world\hello world\Debug\CL.read.1.tlog
c:\Users\bakhtiyar\documents\visual studio 2010\Projects\hello world\hello world\Debug\CL.write.1.tlog
C:\USERS\BAKHTIYAR\DOCUMENTS\VISUAL STUDIO 2010\PROJECTS\HELLO WORLD\HELLO WORLD\DEBUG\HELLO WORLD.EXE.EMBED.MANIFEST
C:\USERS\BAKHTIYAR\DOCUMENTS\VISUAL STUDIO 2010\PROJECTS\HELLO WORLD\HELLO WORLD\DEBUG\HELLO WORLD.EXE.EMBED.MANIFEST.RES
C:\USERS\BAKHTIYAR\DOCUMENTS\VISUAL STUDIO 2010\PROJECTS\HELLO WORLD\HELLO WORLD\DEBUG\HELLO WORLD.EXE.INTERMEDIATE.MANIFEST
C:\USERS\BAKHTIYAR\DOCUMENTS\VISUAL STUDIO 2010\PROJECTS\HELLO WORLD\HELLO WORLD\DEBUG\HELLO WORLD.OBJ
C:\USERS\BAKHTIYAR\DOCUMENTS\VISUAL STUDIO 2010\PROJECTS\HELLO WORLD\HELLO WORLD\DEBUG\HELLO WORLD.PCH
C:\USERS\BAKHTIYAR\DOCUMENTS\VISUAL STUDIO 2010\PROJECTS\HELLO WORLD\HELLO WORLD\DEBUG\HELLO WORLD.RES
c:\Users\bakhtiyar\documents\visual studio 2010\Projects\hello world\hello world\Debug\hello world.vcxprojResolveAssemblyReference.cache
c:\Users\bakhtiyar\documents\visual studio 2010\Projects\hello world\hello world\Debug\hello world.write.1.tlog
c:\Users\bakhtiyar\documents\visual studio 2010\Projects\hello world\hello world\Debug\hello world_manifest.rc
c:\Users\bakhtiyar\documents\visual studio 2010\Projects\hello world\hello world\Debug\link.1808.read.1.tlog
c:\Users\bakhtiyar\documents\visual studio 2010\Projects\hello world\hello world\Debug\link.1808.write.1.tlog
c:\Users\bakhtiyar\documents\visual studio 2010\Projects\hello world\hello world\Debug\link.1808-cvtres.read.1.tlog
c:\Users\bakhtiyar\documents\visual studio 2010\Projects\hello world\hello world\Debug\link.1808-cvtres.write.1.tlog
c:\Users\bakhtiyar\documents\visual studio 2010\Projects\hello world\hello world\Debug\link.command.1.tlog
c:\Users\bakhtiyar\documents\visual studio 2010\Projects\hello world\hello world\Debug\link.read.1.tlog
c:\Users\bakhtiyar\documents\visual studio 2010\Projects\hello world\hello world\Debug\link.write.1.tlog
c:\Users\bakhtiyar\documents\visual studio 2010\Projects\hello world\hello world\Debug\link-cvtres.read.1.tlog
c:\Users\bakhtiyar\documents\visual studio 2010\Projects\hello world\hello world\Debug\link-cvtres.write.1.tlog
c:\Users\bakhtiyar\documents\visual studio 2010\Projects\hello world\hello world\Debug\mt.command.1.tlog
c:\Users\bakhtiyar\documents\visual studio 2010\Projects\hello world\hello world\Debug\mt.read.1.tlog
c:\Users\bakhtiyar\documents\visual studio 2010\Projects\hello world\hello world\Debug\mt.write.1.tlog
c:\Users\bakhtiyar\documents\visual studio 2010\Projects\hello world\hello world\Debug\rc.command.1.tlog
c:\Users\bakhtiyar\documents\visual studio 2010\Projects\hello world\hello world\Debug\rc.read.1.tlog
c:\Users\bakhtiyar\documents\visual studio 2010\Projects\hello world\hello world\Debug\rc.write.1.tlog
C:\USERS\BAKHTIYAR\DOCUMENTS\VISUAL STUDIO 2010\PROJECTS\HELLO WORLD\HELLO WORLD\DEBUG\STDAFX.OBJ
c:\Users\bakhtiyar\documents\visual studio 2010\Projects\hello world\hello world\Debug\vc100.idb
C:\USERS\BAKHTIYAR\DOCUMENTS\VISUAL STUDIO 2010\PROJECTS\HELLO WORLD\HELLO WORLD\DEBUG\VC100.PDB
